{"/Users/eduardo/Turing/mod4/projects/palette-picker/palette-picker-frontend/src/App.js": {"path":"/Users/eduardo/Turing/mod4/projects/palette-picker/palette-picker-frontend/src/App.js","statementMap":{"0":{"start":{"line":12,"column":4},"end":{"line":12,"column":12}},"1":{"start":{"line":13,"column":4},"end":{"line":19,"column":5}},"2":{"start":{"line":23,"column":4},"end":{"line":23,"column":27}},"3":{"start":{"line":24,"column":4},"end":{"line":24,"column":28}},"4":{"start":{"line":27,"column":19},"end":{"line":37,"column":1}},"5":{"start":{"line":28,"column":2},"end":{"line":36,"column":3}},"6":{"start":{"line":29,"column":20},"end":{"line":29,"column":58}},"7":{"start":{"line":30,"column":35},"end":{"line":30,"column":54}},"8":{"start":{"line":31,"column":32},"end":{"line":31,"column":86}},"9":{"start":{"line":32,"column":4},"end":{"line":32,"column":52}},"10":{"start":{"line":33,"column":4},"end":{"line":33,"column":22}},"11":{"start":{"line":35,"column":4},"end":{"line":35,"column":40}},"12":{"start":{"line":39,"column":15},"end":{"line":46,"column":3}},"13":{"start":{"line":40,"column":19},"end":{"line":44,"column":6}},"14":{"start":{"line":41,"column":16},"end":{"line":41,"column":94}},"15":{"start":{"line":42,"column":17},"end":{"line":42,"column":37}},"16":{"start":{"line":43,"column":6},"end":{"line":43,"column":17}},"17":{"start":{"line":45,"column":4},"end":{"line":45,"column":59}},"18":{"start":{"line":48,"column":20},"end":{"line":71,"column":3}},"19":{"start":{"line":49,"column":17},"end":{"line":49,"column":19}},"20":{"start":{"line":50,"column":4},"end":{"line":70,"column":5}},"21":{"start":{"line":51,"column":6},"end":{"line":56,"column":7}},"22":{"start":{"line":52,"column":26},"end":{"line":54,"column":10}},"23":{"start":{"line":53,"column":10},"end":{"line":53,"column":52}},"24":{"start":{"line":55,"column":8},"end":{"line":55,"column":60}},"25":{"start":{"line":57,"column":6},"end":{"line":57,"column":31}},"26":{"start":{"line":59,"column":22},"end":{"line":68,"column":8}},"27":{"start":{"line":60,"column":8},"end":{"line":67,"column":9}},"28":{"start":{"line":61,"column":28},"end":{"line":63,"column":16}},"29":{"start":{"line":62,"column":16},"end":{"line":62,"column":58}},"30":{"start":{"line":64,"column":12},"end":{"line":64,"column":59}},"31":{"start":{"line":66,"column":10},"end":{"line":66,"column":23}},"32":{"start":{"line":69,"column":6},"end":{"line":69,"column":42}},"33":{"start":{"line":73,"column":15},"end":{"line":84,"column":3}},"34":{"start":{"line":74,"column":4},"end":{"line":83,"column":5}},"35":{"start":{"line":75,"column":21},"end":{"line":75,"column":58}},"36":{"start":{"line":76,"column":20},"end":{"line":81,"column":8}},"37":{"start":{"line":77,"column":8},"end":{"line":79,"column":9}},"38":{"start":{"line":78,"column":10},"end":{"line":78,"column":65}},"39":{"start":{"line":80,"column":8},"end":{"line":80,"column":21}},"40":{"start":{"line":82,"column":6},"end":{"line":82,"column":38}},"41":{"start":{"line":86,"column":18},"end":{"line":92,"column":3}},"42":{"start":{"line":87,"column":4},"end":{"line":91,"column":5}},"43":{"start":{"line":88,"column":24},"end":{"line":88,"column":45}},"44":{"start":{"line":89,"column":6},"end":{"line":90,"column":50}},"45":{"start":{"line":90,"column":26},"end":{"line":90,"column":49}},"46":{"start":{"line":94,"column":18},"end":{"line":101,"column":3}},"47":{"start":{"line":95,"column":4},"end":{"line":95,"column":25}},"48":{"start":{"line":96,"column":4},"end":{"line":100,"column":5}},"49":{"start":{"line":97,"column":6},"end":{"line":97,"column":24}},"50":{"start":{"line":98,"column":24},"end":{"line":98,"column":45}},"51":{"start":{"line":99,"column":6},"end":{"line":99,"column":41}},"52":{"start":{"line":104,"column":4},"end":{"line":104,"column":27}},"53":{"start":{"line":105,"column":23},"end":{"line":105,"column":33}},"54":{"start":{"line":106,"column":4},"end":{"line":123,"column":5}},"55":{"start":{"line":109,"column":10},"end":{"line":114,"column":13}},"56":{"start":{"line":117,"column":10},"end":{"line":120,"column":13}}},"fnMap":{"0":{"name":"(anonymous_0)","decl":{"start":{"line":11,"column":2},"end":{"line":11,"column":3}},"loc":{"start":{"line":11,"column":16},"end":{"line":20,"column":3}},"line":11},"1":{"name":"(anonymous_1)","decl":{"start":{"line":22,"column":2},"end":{"line":22,"column":3}},"loc":{"start":{"line":22,"column":28},"end":{"line":25,"column":3}},"line":22},"2":{"name":"(anonymous_2)","decl":{"start":{"line":27,"column":19},"end":{"line":27,"column":20}},"loc":{"start":{"line":27,"column":31},"end":{"line":37,"column":1}},"line":27},"3":{"name":"(anonymous_3)","decl":{"start":{"line":39,"column":15},"end":{"line":39,"column":16}},"loc":{"start":{"line":39,"column":27},"end":{"line":46,"column":3}},"line":39},"4":{"name":"(anonymous_4)","decl":{"start":{"line":40,"column":43},"end":{"line":40,"column":44}},"loc":{"start":{"line":40,"column":62},"end":{"line":44,"column":5}},"line":40},"5":{"name":"(anonymous_5)","decl":{"start":{"line":48,"column":20},"end":{"line":48,"column":21}},"loc":{"start":{"line":48,"column":26},"end":{"line":71,"column":3}},"line":48},"6":{"name":"(anonymous_6)","decl":{"start":{"line":52,"column":50},"end":{"line":52,"column":51}},"loc":{"start":{"line":52,"column":56},"end":{"line":54,"column":9}},"line":52},"7":{"name":"(anonymous_7)","decl":{"start":{"line":59,"column":44},"end":{"line":59,"column":45}},"loc":{"start":{"line":59,"column":53},"end":{"line":68,"column":7}},"line":59},"8":{"name":"(anonymous_8)","decl":{"start":{"line":61,"column":52},"end":{"line":61,"column":53}},"loc":{"start":{"line":61,"column":58},"end":{"line":63,"column":15}},"line":61},"9":{"name":"(anonymous_9)","decl":{"start":{"line":73,"column":15},"end":{"line":73,"column":16}},"loc":{"start":{"line":73,"column":22},"end":{"line":84,"column":3}},"line":73},"10":{"name":"(anonymous_10)","decl":{"start":{"line":76,"column":42},"end":{"line":76,"column":43}},"loc":{"start":{"line":76,"column":51},"end":{"line":81,"column":7}},"line":76},"11":{"name":"(anonymous_11)","decl":{"start":{"line":86,"column":18},"end":{"line":86,"column":19}},"loc":{"start":{"line":86,"column":31},"end":{"line":92,"column":3}},"line":86},"12":{"name":"(anonymous_12)","decl":{"start":{"line":90,"column":14},"end":{"line":90,"column":15}},"loc":{"start":{"line":90,"column":26},"end":{"line":90,"column":49}},"line":90},"13":{"name":"(anonymous_13)","decl":{"start":{"line":94,"column":18},"end":{"line":94,"column":19}},"loc":{"start":{"line":94,"column":25},"end":{"line":101,"column":3}},"line":94},"14":{"name":"(anonymous_14)","decl":{"start":{"line":103,"column":2},"end":{"line":103,"column":3}},"loc":{"start":{"line":103,"column":11},"end":{"line":124,"column":3}},"line":103},"15":{"name":"(anonymous_15)","decl":{"start":{"line":108,"column":38},"end":{"line":108,"column":39}},"loc":{"start":{"line":109,"column":10},"end":{"line":114,"column":13}},"line":109},"16":{"name":"(anonymous_16)","decl":{"start":{"line":116,"column":40},"end":{"line":116,"column":41}},"loc":{"start":{"line":117,"column":10},"end":{"line":120,"column":13}},"line":117}},"branchMap":{"0":{"loc":{"start":{"line":50,"column":4},"end":{"line":70,"column":5}},"type":"if","locations":[{"start":{"line":50,"column":4},"end":{"line":70,"column":5}},{"start":{"line":50,"column":4},"end":{"line":70,"column":5}}],"line":50},"1":{"loc":{"start":{"line":60,"column":8},"end":{"line":67,"column":9}},"type":"if","locations":[{"start":{"line":60,"column":8},"end":{"line":67,"column":9}},{"start":{"line":60,"column":8},"end":{"line":67,"column":9}}],"line":60},"2":{"loc":{"start":{"line":74,"column":4},"end":{"line":83,"column":5}},"type":"if","locations":[{"start":{"line":74,"column":4},"end":{"line":83,"column":5}},{"start":{"line":74,"column":4},"end":{"line":83,"column":5}}],"line":74},"3":{"loc":{"start":{"line":77,"column":8},"end":{"line":79,"column":9}},"type":"if","locations":[{"start":{"line":77,"column":8},"end":{"line":79,"column":9}},{"start":{"line":77,"column":8},"end":{"line":79,"column":9}}],"line":77},"4":{"loc":{"start":{"line":87,"column":4},"end":{"line":91,"column":5}},"type":"if","locations":[{"start":{"line":87,"column":4},"end":{"line":91,"column":5}},{"start":{"line":87,"column":4},"end":{"line":91,"column":5}}],"line":87},"5":{"loc":{"start":{"line":96,"column":4},"end":{"line":100,"column":5}},"type":"if","locations":[{"start":{"line":96,"column":4},"end":{"line":100,"column":5}},{"start":{"line":96,"column":4},"end":{"line":100,"column":5}}],"line":96}},"s":{"0":1,"1":1,"2":1,"3":1,"4":1,"5":1,"6":1,"7":1,"8":1,"9":0,"10":0,"11":0,"12":1,"13":0,"14":0,"15":0,"16":0,"17":0,"18":1,"19":1,"20":1,"21":1,"22":5,"23":30,"24":5,"25":1,"26":0,"27":0,"28":0,"29":0,"30":0,"31":0,"32":0,"33":1,"34":0,"35":0,"36":0,"37":0,"38":0,"39":0,"40":0,"41":1,"42":0,"43":0,"44":0,"45":0,"46":1,"47":0,"48":0,"49":0,"50":0,"51":0,"52":2,"53":2,"54":2,"55":0,"56":0},"f":{"0":1,"1":1,"2":1,"3":0,"4":0,"5":1,"6":30,"7":0,"8":0,"9":0,"10":0,"11":0,"12":0,"13":0,"14":2,"15":0,"16":0},"b":{"0":[1,0],"1":[0,0],"2":[0,0],"3":[0,0],"4":[0,0],"5":[0,0]},"_coverageSchema":"43e27e138ebf9cfc5966b082cf9a028302ed4184","hash":"7066c8cb4e39e1df014e849470030ce2f9a27b09"}
,"/Users/eduardo/Turing/mod4/projects/palette-picker/palette-picker-frontend/src/containers/ActionContainer/ActionContainer.js": {"path":"/Users/eduardo/Turing/mod4/projects/palette-picker/palette-picker-frontend/src/containers/ActionContainer/ActionContainer.js","statementMap":{"0":{"start":{"line":5,"column":31},"end":{"line":14,"column":1}},"1":{"start":{"line":6,"column":2},"end":{"line":13,"column":3}},"2":{"start":{"line":10,"column":23},"end":{"line":10,"column":40}}},"fnMap":{"0":{"name":"(anonymous_0)","decl":{"start":{"line":5,"column":31},"end":{"line":5,"column":32}},"loc":{"start":{"line":5,"column":56},"end":{"line":14,"column":1}},"line":5},"1":{"name":"(anonymous_1)","decl":{"start":{"line":10,"column":17},"end":{"line":10,"column":18}},"loc":{"start":{"line":10,"column":23},"end":{"line":10,"column":40}},"line":10}},"branchMap":{},"s":{"0":3,"1":1,"2":0},"f":{"0":1,"1":0},"b":{},"_coverageSchema":"43e27e138ebf9cfc5966b082cf9a028302ed4184","hash":"a557794149538fcadb7bc30d41a670d361eb8067"}
,"/Users/eduardo/Turing/mod4/projects/palette-picker/palette-picker-frontend/src/containers/ColorCard/ColorCard.js": {"path":"/Users/eduardo/Turing/mod4/projects/palette-picker/palette-picker-frontend/src/containers/ColorCard/ColorCard.js","statementMap":{"0":{"start":{"line":6,"column":25},"end":{"line":22,"column":1}},"1":{"start":{"line":7,"column":29},"end":{"line":7,"column":38}},"2":{"start":{"line":8,"column":15},"end":{"line":8,"column":43}},"3":{"start":{"line":9,"column":22},"end":{"line":9,"column":64}},"4":{"start":{"line":11,"column":2},"end":{"line":21,"column":3}},"5":{"start":{"line":16,"column":22},"end":{"line":16,"column":35}}},"fnMap":{"0":{"name":"(anonymous_0)","decl":{"start":{"line":6,"column":25},"end":{"line":6,"column":26}},"loc":{"start":{"line":6,"column":56},"end":{"line":22,"column":1}},"line":6},"1":{"name":"(anonymous_1)","decl":{"start":{"line":16,"column":17},"end":{"line":16,"column":18}},"loc":{"start":{"line":16,"column":22},"end":{"line":16,"column":35}},"line":16}},"branchMap":{"0":{"loc":{"start":{"line":8,"column":15},"end":{"line":8,"column":43}},"type":"cond-expr","locations":[{"start":{"line":8,"column":26},"end":{"line":8,"column":32}},{"start":{"line":8,"column":35},"end":{"line":8,"column":43}}],"line":8},"1":{"loc":{"start":{"line":9,"column":22},"end":{"line":9,"column":64}},"type":"cond-expr","locations":[{"start":{"line":9,"column":33},"end":{"line":9,"column":46}},{"start":{"line":9,"column":49},"end":{"line":9,"column":64}}],"line":9}},"s":{"0":3,"1":1,"2":1,"3":1,"4":1,"5":0},"f":{"0":1,"1":0},"b":{"0":[0,1],"1":[0,1]},"_coverageSchema":"43e27e138ebf9cfc5966b082cf9a028302ed4184","hash":"394a917f3a2ca646957811f82f17f9496f509418"}
,"/Users/eduardo/Turing/mod4/projects/palette-picker/palette-picker-frontend/src/containers/ColorContainer/ColorContainer.js": {"path":"/Users/eduardo/Turing/mod4/projects/palette-picker/palette-picker-frontend/src/containers/ColorContainer/ColorContainer.js","statementMap":{"0":{"start":{"line":5,"column":30},"end":{"line":18,"column":1}},"1":{"start":{"line":6,"column":26},"end":{"line":11,"column":4}},"2":{"start":{"line":7,"column":4},"end":{"line":10,"column":24}},"3":{"start":{"line":13,"column":2},"end":{"line":17,"column":3}}},"fnMap":{"0":{"name":"(anonymous_0)","decl":{"start":{"line":5,"column":30},"end":{"line":5,"column":31}},"loc":{"start":{"line":5,"column":58},"end":{"line":18,"column":1}},"line":5},"1":{"name":"(anonymous_1)","decl":{"start":{"line":6,"column":37},"end":{"line":6,"column":38}},"loc":{"start":{"line":6,"column":46},"end":{"line":11,"column":3}},"line":6}},"branchMap":{},"s":{"0":2,"1":1,"2":1,"3":1},"f":{"0":1,"1":1},"b":{},"_coverageSchema":"43e27e138ebf9cfc5966b082cf9a028302ed4184","hash":"183d932c4990d1f6a1db0d3140f402723b9e1ca0"}
,"/Users/eduardo/Turing/mod4/projects/palette-picker/palette-picker-frontend/src/containers/Header/Header.js": {"path":"/Users/eduardo/Turing/mod4/projects/palette-picker/palette-picker-frontend/src/containers/Header/Header.js","statementMap":{"0":{"start":{"line":10,"column":22},"end":{"line":17,"column":1}},"1":{"start":{"line":11,"column":2},"end":{"line":16,"column":3}}},"fnMap":{"0":{"name":"(anonymous_0)","decl":{"start":{"line":10,"column":22},"end":{"line":10,"column":23}},"loc":{"start":{"line":10,"column":28},"end":{"line":17,"column":1}},"line":10}},"branchMap":{},"s":{"0":2,"1":1},"f":{"0":1},"b":{},"_coverageSchema":"43e27e138ebf9cfc5966b082cf9a028302ed4184","hash":"f9799a5086cd73286a511dcf3e0a31108d0b35ad"}
,"/Users/eduardo/Turing/mod4/projects/palette-picker/palette-picker-frontend/src/containers/Main/Main.js": {"path":"/Users/eduardo/Turing/mod4/projects/palette-picker/palette-picker-frontend/src/containers/Main/Main.js","statementMap":{"0":{"start":{"line":8,"column":20},"end":{"line":16,"column":1}},"1":{"start":{"line":9,"column":2},"end":{"line":15,"column":3}}},"fnMap":{"0":{"name":"(anonymous_0)","decl":{"start":{"line":8,"column":20},"end":{"line":8,"column":21}},"loc":{"start":{"line":8,"column":55},"end":{"line":16,"column":1}},"line":8}},"branchMap":{},"s":{"0":2,"1":1},"f":{"0":1},"b":{},"_coverageSchema":"43e27e138ebf9cfc5966b082cf9a028302ed4184","hash":"9507e380613841f556deecf2353b45661596e38b"}
,"/Users/eduardo/Turing/mod4/projects/palette-picker/palette-picker-frontend/src/containers/PaletteForm/PaletteForm.js": {"path":"/Users/eduardo/Turing/mod4/projects/palette-picker/palette-picker-frontend/src/containers/PaletteForm/PaletteForm.js","statementMap":{"0":{"start":{"line":7,"column":4},"end":{"line":7,"column":11}},"1":{"start":{"line":8,"column":4},"end":{"line":15,"column":5}},"2":{"start":{"line":18,"column":17},"end":{"line":23,"column":3}},"3":{"start":{"line":19,"column":4},"end":{"line":19,"column":30}},"4":{"start":{"line":20,"column":25},"end":{"line":20,"column":50}},"5":{"start":{"line":21,"column":4},"end":{"line":21,"column":75}},"6":{"start":{"line":22,"column":4},"end":{"line":22,"column":51}},"7":{"start":{"line":26,"column":4},"end":{"line":43,"column":5}}},"fnMap":{"0":{"name":"(anonymous_0)","decl":{"start":{"line":6,"column":2},"end":{"line":6,"column":3}},"loc":{"start":{"line":6,"column":16},"end":{"line":16,"column":3}},"line":6},"1":{"name":"(anonymous_1)","decl":{"start":{"line":18,"column":17},"end":{"line":18,"column":18}},"loc":{"start":{"line":18,"column":24},"end":{"line":23,"column":3}},"line":18},"2":{"name":"(anonymous_2)","decl":{"start":{"line":25,"column":2},"end":{"line":25,"column":3}},"loc":{"start":{"line":25,"column":11},"end":{"line":44,"column":3}},"line":25}},"branchMap":{},"s":{"0":1,"1":1,"2":1,"3":0,"4":0,"5":0,"6":0,"7":1},"f":{"0":1,"1":0,"2":1},"b":{},"_coverageSchema":"43e27e138ebf9cfc5966b082cf9a028302ed4184","hash":"def1470db9c8b138264b3f66b595581ed0b869b6"}
,"/Users/eduardo/Turing/mod4/projects/palette-picker/palette-picker-frontend/src/containers/ProjectForm/ProjectForm.js": {"path":"/Users/eduardo/Turing/mod4/projects/palette-picker/palette-picker-frontend/src/containers/ProjectForm/ProjectForm.js","statementMap":{"0":{"start":{"line":7,"column":4},"end":{"line":7,"column":16}},"1":{"start":{"line":8,"column":4},"end":{"line":11,"column":5}},"2":{"start":{"line":14,"column":22},"end":{"line":17,"column":3}},"3":{"start":{"line":15,"column":4},"end":{"line":15,"column":30}},"4":{"start":{"line":16,"column":4},"end":{"line":16,"column":54}},"5":{"start":{"line":19,"column":25},"end":{"line":21,"column":3}},"6":{"start":{"line":20,"column":4},"end":{"line":20,"column":52}},"7":{"start":{"line":24,"column":23},"end":{"line":24,"column":33}},"8":{"start":{"line":25,"column":23},"end":{"line":27,"column":6}},"9":{"start":{"line":26,"column":6},"end":{"line":26,"column":122}},"10":{"start":{"line":29,"column":4},"end":{"line":46,"column":5}},"11":{"start":{"line":40,"column":64},"end":{"line":40,"column":96}}},"fnMap":{"0":{"name":"(anonymous_0)","decl":{"start":{"line":6,"column":2},"end":{"line":6,"column":3}},"loc":{"start":{"line":6,"column":21},"end":{"line":12,"column":3}},"line":6},"1":{"name":"(anonymous_1)","decl":{"start":{"line":14,"column":22},"end":{"line":14,"column":23}},"loc":{"start":{"line":14,"column":29},"end":{"line":17,"column":3}},"line":14},"2":{"name":"(anonymous_2)","decl":{"start":{"line":19,"column":25},"end":{"line":19,"column":26}},"loc":{"start":{"line":19,"column":32},"end":{"line":21,"column":3}},"line":19},"3":{"name":"(anonymous_3)","decl":{"start":{"line":23,"column":2},"end":{"line":23,"column":3}},"loc":{"start":{"line":23,"column":11},"end":{"line":47,"column":3}},"line":23},"4":{"name":"(anonymous_4)","decl":{"start":{"line":25,"column":36},"end":{"line":25,"column":37}},"loc":{"start":{"line":25,"column":54},"end":{"line":27,"column":5}},"line":25},"5":{"name":"(anonymous_5)","decl":{"start":{"line":40,"column":53},"end":{"line":40,"column":54}},"loc":{"start":{"line":40,"column":64},"end":{"line":40,"column":96}},"line":40}},"branchMap":{},"s":{"0":1,"1":1,"2":1,"3":0,"4":0,"5":1,"6":0,"7":1,"8":1,"9":1,"10":1,"11":0},"f":{"0":1,"1":0,"2":0,"3":1,"4":1,"5":0},"b":{},"_coverageSchema":"43e27e138ebf9cfc5966b082cf9a028302ed4184","hash":"a5532c814d3d74a454185143844ae6c3a440e413"}
,"/Users/eduardo/Turing/mod4/projects/palette-picker/palette-picker-frontend/src/containers/ProjectsContainer/ProjectsContainer.js": {"path":"/Users/eduardo/Turing/mod4/projects/palette-picker/palette-picker-frontend/src/containers/ProjectsContainer/ProjectsContainer.js","statementMap":{"0":{"start":{"line":6,"column":33},"end":{"line":52,"column":1}},"1":{"start":{"line":7,"column":26},"end":{"line":28,"column":4}},"2":{"start":{"line":8,"column":4},"end":{"line":27,"column":5}},"3":{"start":{"line":15,"column":30},"end":{"line":15,"column":46}},"4":{"start":{"line":30,"column":26},"end":{"line":45,"column":4}},"5":{"start":{"line":31,"column":4},"end":{"line":44,"column":5}},"6":{"start":{"line":38,"column":28},"end":{"line":38,"column":44}},"7":{"start":{"line":47,"column":2},"end":{"line":51,"column":3}}},"fnMap":{"0":{"name":"(anonymous_0)","decl":{"start":{"line":6,"column":33},"end":{"line":6,"column":34}},"loc":{"start":{"line":6,"column":91},"end":{"line":52,"column":1}},"line":6},"1":{"name":"(anonymous_1)","decl":{"start":{"line":7,"column":39},"end":{"line":7,"column":40}},"loc":{"start":{"line":7,"column":50},"end":{"line":28,"column":3}},"line":7},"2":{"name":"(anonymous_2)","decl":{"start":{"line":15,"column":23},"end":{"line":15,"column":24}},"loc":{"start":{"line":15,"column":30},"end":{"line":15,"column":46}},"line":15},"3":{"name":"(anonymous_3)","decl":{"start":{"line":30,"column":39},"end":{"line":30,"column":40}},"loc":{"start":{"line":30,"column":50},"end":{"line":45,"column":3}},"line":30},"4":{"name":"(anonymous_4)","decl":{"start":{"line":38,"column":21},"end":{"line":38,"column":22}},"loc":{"start":{"line":38,"column":28},"end":{"line":38,"column":44}},"line":38}},"branchMap":{},"s":{"0":2,"1":1,"2":1,"3":0,"4":1,"5":1,"6":0,"7":1},"f":{"0":1,"1":1,"2":0,"3":1,"4":0},"b":{},"_coverageSchema":"43e27e138ebf9cfc5966b082cf9a028302ed4184","hash":"c6b4583f1523d80225248ab4de7bd28f6485ed9d"}
,"/Users/eduardo/Turing/mod4/projects/palette-picker/palette-picker-frontend/src/utils/apiCalls.js": {"path":"/Users/eduardo/Turing/mod4/projects/palette-picker/palette-picker-frontend/src/utils/apiCalls.js","statementMap":{"0":{"start":{"line":2,"column":25},"end":{"line":11,"column":1}},"1":{"start":{"line":3,"column":19},"end":{"line":4,"column":39}},"2":{"start":{"line":4,"column":20},"end":{"line":4,"column":38}},"3":{"start":{"line":5,"column":2},"end":{"line":10,"column":3}},"4":{"start":{"line":6,"column":17},"end":{"line":6,"column":38}},"5":{"start":{"line":7,"column":4},"end":{"line":7,"column":16}},"6":{"start":{"line":9,"column":4},"end":{"line":9,"column":36}},"7":{"start":{"line":13,"column":29},"end":{"line":23,"column":1}},"8":{"start":{"line":14,"column":14},"end":{"line":14,"column":92}},"9":{"start":{"line":15,"column":18},"end":{"line":18,"column":3}},"10":{"start":{"line":19,"column":19},"end":{"line":19,"column":44}},"11":{"start":{"line":20,"column":2},"end":{"line":22,"column":3}},"12":{"start":{"line":21,"column":4},"end":{"line":21,"column":85}}},"fnMap":{"0":{"name":"(anonymous_0)","decl":{"start":{"line":2,"column":25},"end":{"line":2,"column":26}},"loc":{"start":{"line":2,"column":40},"end":{"line":11,"column":1}},"line":2},"1":{"name":"(anonymous_1)","decl":{"start":{"line":4,"column":11},"end":{"line":4,"column":12}},"loc":{"start":{"line":4,"column":20},"end":{"line":4,"column":38}},"line":4},"2":{"name":"(anonymous_2)","decl":{"start":{"line":13,"column":29},"end":{"line":13,"column":30}},"loc":{"start":{"line":13,"column":60},"end":{"line":23,"column":1}},"line":13}},"branchMap":{"0":{"loc":{"start":{"line":5,"column":2},"end":{"line":10,"column":3}},"type":"if","locations":[{"start":{"line":5,"column":2},"end":{"line":10,"column":3}},{"start":{"line":5,"column":2},"end":{"line":10,"column":3}}],"line":5},"1":{"loc":{"start":{"line":20,"column":2},"end":{"line":22,"column":3}},"type":"if","locations":[{"start":{"line":20,"column":2},"end":{"line":22,"column":3}},{"start":{"line":20,"column":2},"end":{"line":22,"column":3}}],"line":20}},"s":{"0":1,"1":1,"2":0,"3":0,"4":0,"5":0,"6":0,"7":1,"8":0,"9":0,"10":0,"11":0,"12":0},"f":{"0":1,"1":0,"2":0},"b":{"0":[0,0],"1":[0,0]},"_coverageSchema":"43e27e138ebf9cfc5966b082cf9a028302ed4184","hash":"65314673b66c8643fb91c102d0cd5b4626121b19"}
}
