TN:
SF:/Users/eduardo/Turing/mod4/projects/palette-picker/palette-picker-frontend/src/App.js
FN:11,(anonymous_0)
FN:22,(anonymous_1)
FN:27,(anonymous_2)
FN:39,(anonymous_3)
FN:40,(anonymous_4)
FN:48,(anonymous_5)
FN:52,(anonymous_6)
FN:59,(anonymous_7)
FN:61,(anonymous_8)
FN:73,(anonymous_9)
FN:76,(anonymous_10)
FN:86,(anonymous_11)
FN:90,(anonymous_12)
FN:94,(anonymous_13)
FN:103,(anonymous_14)
FN:108,(anonymous_15)
FN:116,(anonymous_16)
FNF:17
FNH:6
FNDA:1,(anonymous_0)
FNDA:1,(anonymous_1)
FNDA:1,(anonymous_2)
FNDA:0,(anonymous_3)
FNDA:0,(anonymous_4)
FNDA:1,(anonymous_5)
FNDA:30,(anonymous_6)
FNDA:0,(anonymous_7)
FNDA:0,(anonymous_8)
FNDA:0,(anonymous_9)
FNDA:0,(anonymous_10)
FNDA:0,(anonymous_11)
FNDA:0,(anonymous_12)
FNDA:0,(anonymous_13)
FNDA:2,(anonymous_14)
FNDA:0,(anonymous_15)
FNDA:0,(anonymous_16)
DA:12,1
DA:13,1
DA:23,1
DA:24,1
DA:27,1
DA:28,1
DA:29,1
DA:30,1
DA:31,1
DA:32,0
DA:33,0
DA:35,0
DA:39,1
DA:40,0
DA:41,0
DA:42,0
DA:43,0
DA:45,0
DA:48,1
DA:49,1
DA:50,1
DA:51,1
DA:52,5
DA:53,30
DA:55,5
DA:57,1
DA:59,0
DA:60,0
DA:61,0
DA:62,0
DA:64,0
DA:66,0
DA:69,0
DA:73,1
DA:74,0
DA:75,0
DA:76,0
DA:77,0
DA:78,0
DA:80,0
DA:82,0
DA:86,1
DA:87,0
DA:88,0
DA:89,0
DA:90,0
DA:94,1
DA:95,0
DA:96,0
DA:97,0
DA:98,0
DA:99,0
DA:104,2
DA:105,2
DA:106,2
DA:109,0
DA:117,0
LF:57
LH:24
BRDA:50,0,0,1
BRDA:50,0,1,0
BRDA:60,1,0,0
BRDA:60,1,1,0
BRDA:74,2,0,0
BRDA:74,2,1,0
BRDA:77,3,0,0
BRDA:77,3,1,0
BRDA:87,4,0,0
BRDA:87,4,1,0
BRDA:96,5,0,0
BRDA:96,5,1,0
BRF:12
BRH:1
end_of_record
TN:
SF:/Users/eduardo/Turing/mod4/projects/palette-picker/palette-picker-frontend/src/containers/ActionContainer/ActionContainer.js
FN:5,(anonymous_0)
FN:10,(anonymous_1)
FNF:2
FNH:1
FNDA:1,(anonymous_0)
FNDA:0,(anonymous_1)
DA:5,3
DA:6,1
DA:10,0
LF:3
LH:2
BRF:0
BRH:0
end_of_record
TN:
SF:/Users/eduardo/Turing/mod4/projects/palette-picker/palette-picker-frontend/src/containers/ColorCard/ColorCard.js
FN:6,(anonymous_0)
FN:16,(anonymous_1)
FNF:2
FNH:1
FNDA:1,(anonymous_0)
FNDA:0,(anonymous_1)
DA:6,3
DA:7,1
DA:8,1
DA:9,1
DA:11,1
DA:16,0
LF:6
LH:5
BRDA:8,0,0,0
BRDA:8,0,1,1
BRDA:9,1,0,0
BRDA:9,1,1,1
BRF:4
BRH:2
end_of_record
TN:
SF:/Users/eduardo/Turing/mod4/projects/palette-picker/palette-picker-frontend/src/containers/ColorContainer/ColorContainer.js
FN:5,(anonymous_0)
FN:6,(anonymous_1)
FNF:2
FNH:2
FNDA:1,(anonymous_0)
FNDA:1,(anonymous_1)
DA:5,2
DA:6,1
DA:7,1
DA:13,1
LF:4
LH:4
BRF:0
BRH:0
end_of_record
TN:
SF:/Users/eduardo/Turing/mod4/projects/palette-picker/palette-picker-frontend/src/containers/Header/Header.js
FN:10,(anonymous_0)
FNF:1
FNH:1
FNDA:1,(anonymous_0)
DA:10,2
DA:11,1
LF:2
LH:2
BRF:0
BRH:0
end_of_record
TN:
SF:/Users/eduardo/Turing/mod4/projects/palette-picker/palette-picker-frontend/src/containers/Main/Main.js
FN:8,(anonymous_0)
FNF:1
FNH:1
FNDA:1,(anonymous_0)
DA:8,2
DA:9,1
LF:2
LH:2
BRF:0
BRH:0
end_of_record
TN:
SF:/Users/eduardo/Turing/mod4/projects/palette-picker/palette-picker-frontend/src/containers/PaletteForm/PaletteForm.js
FN:6,(anonymous_0)
FN:18,(anonymous_1)
FN:25,(anonymous_2)
FNF:3
FNH:2
FNDA:1,(anonymous_0)
FNDA:0,(anonymous_1)
FNDA:1,(anonymous_2)
DA:7,1
DA:8,1
DA:18,1
DA:19,0
DA:20,0
DA:21,0
DA:22,0
DA:26,1
LF:8
LH:4
BRF:0
BRH:0
end_of_record
TN:
SF:/Users/eduardo/Turing/mod4/projects/palette-picker/palette-picker-frontend/src/containers/ProjectForm/ProjectForm.js
FN:6,(anonymous_0)
FN:14,(anonymous_1)
FN:19,(anonymous_2)
FN:23,(anonymous_3)
FN:25,(anonymous_4)
FN:40,(anonymous_5)
FNF:6
FNH:3
FNDA:1,(anonymous_0)
FNDA:0,(anonymous_1)
FNDA:0,(anonymous_2)
FNDA:1,(anonymous_3)
FNDA:1,(anonymous_4)
FNDA:0,(anonymous_5)
DA:7,1
DA:8,1
DA:14,1
DA:15,0
DA:16,0
DA:19,1
DA:20,0
DA:24,1
DA:25,1
DA:26,1
DA:29,1
DA:40,0
LF:12
LH:8
BRF:0
BRH:0
end_of_record
TN:
SF:/Users/eduardo/Turing/mod4/projects/palette-picker/palette-picker-frontend/src/containers/ProjectsContainer/ProjectsContainer.js
FN:6,(anonymous_0)
FN:7,(anonymous_1)
FN:15,(anonymous_2)
FN:30,(anonymous_3)
FN:38,(anonymous_4)
FNF:5
FNH:3
FNDA:1,(anonymous_0)
FNDA:1,(anonymous_1)
FNDA:0,(anonymous_2)
FNDA:1,(anonymous_3)
FNDA:0,(anonymous_4)
DA:6,2
DA:7,1
DA:8,1
DA:15,0
DA:30,1
DA:31,1
DA:38,0
DA:47,1
LF:8
LH:6
BRF:0
BRH:0
end_of_record
TN:
SF:/Users/eduardo/Turing/mod4/projects/palette-picker/palette-picker-frontend/src/utils/apiCalls.js
FN:2,(anonymous_0)
FN:4,(anonymous_1)
FN:13,(anonymous_2)
FNF:3
FNH:1
FNDA:1,(anonymous_0)
FNDA:0,(anonymous_1)
FNDA:0,(anonymous_2)
DA:2,1
DA:3,1
DA:4,0
DA:5,0
DA:6,0
DA:7,0
DA:9,0
DA:13,1
DA:14,0
DA:15,0
DA:19,0
DA:20,0
DA:21,0
LF:13
LH:3
BRDA:5,0,0,0
BRDA:5,0,1,0
BRDA:20,1,0,0
BRDA:20,1,1,0
BRF:4
BRH:0
end_of_record
